-------------------------------------------------------------------------------
Test set: runner.TestRunner
-------------------------------------------------------------------------------
Tests run: 2, Failures: 0, Errors: 2, Skipped: 0, Time elapsed: 1.427 s <<< FAILURE! -- in runner.TestRunner
Testing Feature.Valid Login -- Time elapsed: 0.172 s <<< ERROR!
io.cucumber.junit.UndefinedStepException: 
The step 'User Launch the application' and 4 other step(s) are undefined.
You can implement these steps using the snippet(s) below:

@Given("User Launch the application")
public void user_launch_the_application() {
    // Write code here that turns the phrase above into concrete actions
    throw new io.cucumber.java.PendingException();
}
@Given("User navigate to LoginPage")
public void user_navigate_to_login_page() {
    // Write code here that turns the phrase above into concrete actions
    throw new io.cucumber.java.PendingException();
}
@When("User Enter valid Username and password")
public void user_enter_valid_username_and_password() {
    // Write code here that turns the phrase above into concrete actions
    throw new io.cucumber.java.PendingException();
}
@When("user click on login")
public void user_click_on_login() {
    // Write code here that turns the phrase above into concrete actions
    throw new io.cucumber.java.PendingException();
}
@When("User should see homepage")
public void user_should_see_homepage() {
    // Write code here that turns the phrase above into concrete actions
    throw new io.cucumber.java.PendingException();
}


Testing Feature.Invalid user login -- Time elapsed: 0.026 s <<< ERROR!
io.cucumber.junit.UndefinedStepException: 
The step 'User Launch the application' and 4 other step(s) are undefined.
You can implement these steps using the snippet(s) below:

@Given("User Launch the application")
public void user_launch_the_application() {
    // Write code here that turns the phrase above into concrete actions
    throw new io.cucumber.java.PendingException();
}
@Given("User navigate to LoginPage")
public void user_navigate_to_login_page() {
    // Write code here that turns the phrase above into concrete actions
    throw new io.cucumber.java.PendingException();
}
@When("User Enter Invalid Username and password")
public void user_enter_invalid_username_and_password() {
    // Write code here that turns the phrase above into concrete actions
    throw new io.cucumber.java.PendingException();
}
@When("user click on login")
public void user_click_on_login() {
    // Write code here that turns the phrase above into concrete actions
    throw new io.cucumber.java.PendingException();
}
@When("User should see Error message")
public void user_should_see_error_message() {
    // Write code here that turns the phrase above into concrete actions
    throw new io.cucumber.java.PendingException();
}


